Arguments: 
  C:\Program Files\nodejs\node.exe C:\Users\matheus.pedro.sousa\AppData\Roaming\npm\node_modules\yarn\bin\yarn.js

PATH: 
  C:\Program Files\RedHat\java-1.8.0-openjdk-1.8.0.312-2\bin;c:\Program Files (x86)\Microsoft SDKs\Azure\CLI2\wbin;C:\WINDOWS\system32;C:\WINDOWS;C:\WINDOWS\System32\Wbem;C:\WINDOWS\System32\WindowsPowerShell\v1.0\;C:\WINDOWS\System32\OpenSSH\;C:\Program Files (x86)\Pulse Secure\VC142.CRT\X64\;C:\Program Files (x86)\Pulse Secure\VC142.CRT\X86\;C:\Program Files (x86)\Common Files\Pulse Secure\VC142.CRT\X64\;C:\Program Files (x86)\Common Files\Pulse Secure\VC142.CRT\X86\;C:\Program Files (x86)\Symantec\VIP Access Client\;C:\Program Files (x86)\Microsoft SQL Server\150\DTS\Binn\;C:\Program Files\Azure Data Studio\bin;C:\Program Files\Microsoft SQL Server\Client SDK\ODBC\170\Tools\Binn\;C:\Program Files (x86)\Microsoft SQL Server\150\Tools\Binn\;C:\Program Files\Microsoft SQL Server\150\Tools\Binn\;C:\Program Files\Microsoft SQL Server\150\DTS\Binn\;C:\Program Files\TortoiseGit\bin;C:\apache-maven-3.8.3\bin;C:\sonar-scanner\bin;C:\Program Files\Microsoft\Azure Functions Core Tools\;C:\Program Files\nodejs\;%SONARQUBE-HOME%;C:\python-3.10.2\python.exe;C:\python-3.10.2\Scripts;C:\Program Files\Git\cmd;C:\Users\matheus.pedro.sousa\AppData\Local\Microsoft\WindowsApps;C:\Program Files\JetBrains\IntelliJ IDEA 2021.1.3\bin;C:\Users\matheus.pedro.sousa\AppData\Local\Programs\Microsoft VS Code\bin;C:\Users\matheus.pedro.sousa\AppData\Roaming\npm;C:\Users\matheus.pedro.sousa\AppData\Local\Programs\Git\cmd;C:\Program Files\OpenJDK\jdk-8.0.292.10-hotspot\bin

Yarn version: 
  1.22.19

Node version: 
  12.14.0

Platform: 
  win32 x64

Trace: 
  SyntaxError: C:\Users\matheus.pedro.sousa\projects\process-env-lib\packages\lib\package.json: Unexpected end of JSON input
      at JSON.parse (<anonymous>)
      at C:\Users\matheus.pedro.sousa\AppData\Roaming\npm\node_modules\yarn\lib\cli.js:1629:59
      at Generator.next (<anonymous>)
      at step (C:\Users\matheus.pedro.sousa\AppData\Roaming\npm\node_modules\yarn\lib\cli.js:310:30)
      at C:\Users\matheus.pedro.sousa\AppData\Roaming\npm\node_modules\yarn\lib\cli.js:321:13

npm manifest: 
  {
    "name": "root",
    "private": true,
    "workspaces": {
      "packages": [
        "packages/**"
      ]
    },
    "devDependencies": {
      "lerna": "^5.1.4"
    }
  }

yarn manifest: 
  No manifest

Lockfile: 
  No lockfile
